<?xml version="1.0" encoding="UTF-8"?>
<!-- Generated by org.testng.reporters.JUnitXMLReporter -->
<testsuite ignored="5" hostname="Shalinis-MacBook-Pro.local" failures="0" tests="1" name="Default test" time="50.156" errors="0" timestamp="2023-12-12T11:32:12 IST">
  <testcase classname="com.bschool.chats.bschoolAndroid.tests.EventPageTest" name="eventPage_displayedTest" time="8.441"/>
  <testcase classname="com.bschool.chats.bschoolAndroid.tests.EventPageTest" name="eventPage_editEvent" time="0.0">
    <ignored/>
  </testcase> <!-- eventPage_editEvent -->
  <testcase classname="com.bschool.chats.bschoolAndroid.tests.EventPageTest" name="eventPage_readComments" time="0.0">
    <ignored/>
  </testcase> <!-- eventPage_readComments -->
  <testcase classname="com.bschool.chats.bschoolAndroid.tests.EventPageTest" name="eventPage_readDetails" time="0.0">
    <ignored/>
  </testcase> <!-- eventPage_readDetails -->
  <testcase classname="com.bschool.chats.bschoolAndroid.tests.EventPageTest" name="eventPage_addEventTest" time="0.0">
    <ignored/>
  </testcase> <!-- eventPage_addEventTest -->
  <testcase classname="com.bschool.chats.bschoolAndroid.tests.EventPageTest" name="eventPage_writeComments" time="0.0">
    <ignored/>
  </testcase> <!-- eventPage_writeComments -->
</testsuite> <!-- Default test -->
