<?xml version="1.0" encoding="UTF-8"?>
<!-- Generated by org.testng.reporters.JUnitXMLReporter -->
<testsuite ignored="0" hostname="Shalinis-MacBook-Pro.local" failures="1" tests="7" name="Test" time="291.751" errors="0" timestamp="2023-12-06T11:22:36 IST">
  <testcase classname="com.bschool.chats.bschoolAndroid.tests.EventPageTest" name="eventPage_addEventTest" time="39.881"/>
  <testcase classname="com.bschool.chats.bschoolAndroid.tests.EventPageTest" name="eventPage_displayedTest" time="7.639"/>
  <testcase classname="com.bschool.chats.bschoolAndroid.tests.EventPageTest" name="eventPage_editEvent" time="39.105"/>
  <testcase classname="com.bschool.chats.bschoolAndroid.tests.EventPageTest" name="eventPage_readComments" time="24.513">
    <skipped/>
  </testcase> <!-- eventPage_readComments -->
  <testcase classname="com.bschool.chats.bschoolAndroid.tests.EventPageTest" name="eventPage_readComments" time="15.612">
    <failure type="org.openqa.selenium.StaleElementReferenceException" message="The element &amp;apos;By.xpath: //android.widget.ImageView[@resource-id=&amp;quot;com.google.android.documentsui:id/icon_thumb&amp;quot;]&amp;apos; does not exist in DOM anymore
For documentation on this error, please visit: https://www.selenium.dev/documentation/webdriver/troubleshooting/errors#stale-element-reference-exception
Build info: version: &amp;apos;4.15.0&amp;apos;, revision: &amp;apos;1d14b5521b&amp;apos;
System info: os.name: &amp;apos;Mac OS X&amp;apos;, os.arch: &amp;apos;x86_64&amp;apos;, os.version: &amp;apos;14.1&amp;apos;, java.version: &amp;apos;17.0.9&amp;apos;
Driver info: io.appium.java_client.android.AndroidDriver
Command: [a2a6c640-ccb9-40c4-88f2-9a974e2be41c, isElementDisplayed {id=00000000-0000-00f7-ffff-ffff00000085}]
Capabilities {appium:app: /Users/shalinigupta/Desktop..., appium:appPackage: com.bschool.chats, appium:automationName: UiAutomator2, appium:databaseEnabled: false, appium:desired: {app: /Users/shalinigupta/Desktop..., automationName: UiAutomator2, deviceName: Pixel 7 Pro API 30, platformName: ANDROID}, appium:deviceApiLevel: 30, appium:deviceManufacturer: Google, appium:deviceModel: sdk_gphone_arm64, appium:deviceName: emulator-5554, appium:deviceScreenDensity: 560, appium:deviceScreenSize: 1440x3120, appium:deviceUDID: emulator-5554, appium:javascriptEnabled: true, appium:locationContextEnabled: false, appium:networkConnectionEnabled: true, appium:pixelRatio: 3.5, appium:platformVersion: 11, appium:statBarHeight: 84, appium:takesScreenshot: true, appium:viewportRect: {height: 2868, left: 0, top: 84, width: 1440}, appium:warnings: {}, appium:webStorageEnabled: false, platformName: ANDROID}
Element: [[AndroidDriver:  on ANDROID (a2a6c640-ccb9-40c4-88f2-9a974e2be41c)] -&amp;gt; xpath: //android.widget.ImageView[@resource-id=&amp;quot;com.google.android.documentsui:id/icon_thumb&amp;quot;]]
Session ID: a2a6c640-ccb9-40c4-88f2-9a974e2be41c">
      <![CDATA[org.openqa.selenium.StaleElementReferenceException: The element 'By.xpath: //android.widget.ImageView[@resource-id="com.google.android.documentsui:id/icon_thumb"]' does not exist in DOM anymore
For documentation on this error, please visit: https://www.selenium.dev/documentation/webdriver/troubleshooting/errors#stale-element-reference-exception
Build info: version: '4.15.0', revision: '1d14b5521b'
System info: os.name: 'Mac OS X', os.arch: 'x86_64', os.version: '14.1', java.version: '17.0.9'
Driver info: io.appium.java_client.android.AndroidDriver
Command: [a2a6c640-ccb9-40c4-88f2-9a974e2be41c, isElementDisplayed {id=00000000-0000-00f7-ffff-ffff00000085}]
Capabilities {appium:app: /Users/shalinigupta/Desktop..., appium:appPackage: com.bschool.chats, appium:automationName: UiAutomator2, appium:databaseEnabled: false, appium:desired: {app: /Users/shalinigupta/Desktop..., automationName: UiAutomator2, deviceName: Pixel 7 Pro API 30, platformName: ANDROID}, appium:deviceApiLevel: 30, appium:deviceManufacturer: Google, appium:deviceModel: sdk_gphone_arm64, appium:deviceName: emulator-5554, appium:deviceScreenDensity: 560, appium:deviceScreenSize: 1440x3120, appium:deviceUDID: emulator-5554, appium:javascriptEnabled: true, appium:locationContextEnabled: false, appium:networkConnectionEnabled: true, appium:pixelRatio: 3.5, appium:platformVersion: 11, appium:statBarHeight: 84, appium:takesScreenshot: true, appium:viewportRect: {height: 2868, left: 0, top: 84, width: 1440}, appium:warnings: {}, appium:webStorageEnabled: false, platformName: ANDROID}
Element: [[AndroidDriver:  on ANDROID (a2a6c640-ccb9-40c4-88f2-9a974e2be41c)] -> xpath: //android.widget.ImageView[@resource-id="com.google.android.documentsui:id/icon_thumb"]]
Session ID: a2a6c640-ccb9-40c4-88f2-9a974e2be41c
at org.openqa.selenium.remote.codec.w3c.W3CHttpResponseCodec.createException(W3CHttpResponseCodec.java:200)
at org.openqa.selenium.remote.codec.w3c.W3CHttpResponseCodec.decode(W3CHttpResponseCodec.java:133)
at org.openqa.selenium.remote.codec.w3c.W3CHttpResponseCodec.decode(W3CHttpResponseCodec.java:52)
at org.openqa.selenium.remote.HttpCommandExecutor.execute(HttpCommandExecutor.java:191)
at io.appium.java_client.remote.AppiumCommandExecutor.execute(AppiumCommandExecutor.java:238)
at org.openqa.selenium.remote.RemoteWebDriver.execute(RemoteWebDriver.java:607)
at org.openqa.selenium.remote.RemoteWebElement.execute(RemoteWebElement.java:224)
at org.openqa.selenium.remote.RemoteWebElement.isDisplayed(RemoteWebElement.java:283)
at org.openqa.selenium.support.pagefactory.internal.LocatingElementHandler.invoke(LocatingElementHandler.java:51)
at jdk.proxy2/jdk.proxy2.$Proxy16.isDisplayed(Unknown Source)
at com.bschool.chats.bschoolAndroid.pageojects.EventPage.VerifyPhotoOptionsDisplayed(EventPage.java:430)
at com.bschool.chats.bschoolAndroid.tests.EventPageTest.eventPage_readComments(EventPageTest.java:128)
at java.base/java.util.ArrayList.forEach(ArrayList.java:1511)
... Removed 36 stack frames]]>
    </failure>
  </testcase> <!-- eventPage_readComments -->
  <testcase classname="com.bschool.chats.bschoolAndroid.tests.EventPageTest" name="eventPage_readDetails" time="36.703"/>
  <testcase classname="com.bschool.chats.bschoolAndroid.tests.EventPageTest" name="eventPage_writeComments" time="41.689"/>
</testsuite> <!-- Test -->
